#
# There is insufficient memory for the Java Runtime Environment to continue.
# Native memory allocation (malloc) failed to allocate 1048576 bytes. Error detail: AllocateHeap
# Possible reasons:
#   The system is out of physical RAM or swap space
#   This process is running with CompressedOops enabled, and the Java Heap may be blocking the growth of the native heap
# Possible solutions:
#   Reduce memory load on the system
#   Increase physical memory or swap space
#   Check if swap backing store is full
#   Decrease Java heap size (-Xmx/-Xms)
#   Decrease number of Java threads
#   Decrease Java thread stack sizes (-Xss)
#   Set larger code cache with -XX:ReservedCodeCacheSize=
#   JVM is running with Unscaled Compressed Oops mode in which the Java heap is
#     placed in the first 4GB address space. The Java Heap base address is the
#     maximum limit for the native heap growth. Please use -XX:HeapBaseMinAddress
#     to set the Java Heap base and to place the Java Heap above 4GB virtual address.
# This output file may be truncated or incomplete.
#
#  Out of Memory Error (allocation.cpp:44), pid=17324, tid=9804
#
# JRE version: OpenJDK Runtime Environment Temurin-21.0.11+10 (21.0.11+10) (build 21.0.11+10-LTS)
# Java VM: OpenJDK 64-Bit Server VM Temurin-21.0.11+10 (21.0.11+10-LTS, mixed mode, sharing, tiered, compressed oops, compressed class ptrs, parallel gc, windows-amd64)
# No core dump will be written. Minidumps are not enabled by default on client versions of Windows
#

---------------  S U M M A R Y ------------

Command Line: --add-modules=ALL-SYSTEM --add-opens=java.base/java.util=ALL-UNNAMED --add-opens=java.base/java.lang=ALL-UNNAMED --add-opens=java.base/sun.nio.fs=ALL-UNNAMED -Declipse.application=org.eclipse.jdt.ls.core.id1 -Dosgi.bundles.defaultStartLevel=4 -Declipse.product=org.eclipse.jdt.ls.core.product -Djava.import.generatesMetadataFilesAtProjectRoot=false -DDetectVMInstallationsJob.disabled=true -Dfile.encoding=utf8 -XX:+UseParallelGC -XX:GCTimeRatio=4 -XX:AdaptiveSizePolicyWeight=90 -Dsun.zip.disableMemoryMapping=true -Xmx2G -Xms100m -Xlog:disable -javaagent:c:\Users\user\.vscode\extensions\redhat.java-1.55.0-win32-x64\lombok\lombok-1.18.39-4050.jar -XX:+HeapDumpOnOutOfMemoryError -XX:HeapDumpPath=c:\Users\user\AppData\Roaming\Code\User\workspaceStorage\f40d3bd63d6335eea7e0d273222c22ee\redhat.java -Daether.dependencyCollector.impl=bf c:\Users\user\.vscode\extensions\redhat.java-1.55.0-win32-x64\server\plugins\org.eclipse.equinox.launcher_1.7.200.v20260619-2039.jar -configuration c:\Users\user\AppData\Roaming\Code\User\globalStorage\redhat.java\1.55.0\config_win -data c:\Users\user\AppData\Roaming\Code\User\workspaceStorage\f40d3bd63d6335eea7e0d273222c22ee\redhat.java\jdt_ws --pipe=\\.\pipe\lsp-e08b20adcc692453bc97f530e9034dab-sock

Host: Intel(R) Core(TM) i3-6006U CPU @ 2.00GHz, 4 cores, 3G,  Windows 10 , 64 bit Build 19041 (10.0.19041.5915)
Time: Wed Jul 15 20:05:40 2026 Hora est. Pacífico, Sudamérica elapsed time: 1261.913336 seconds (0d 0h 21m 1s)

---------------  T H R E A D  ---------------

Current thread (0x000001a4d379fe60):  JavaThread "Attach Listener" daemon [_thread_in_vm, id=9804, stack(0x0000008861300000,0x0000008861400000) (1024K)]

Stack: [0x0000008861300000,0x0000008861400000]
Native frames: (J=compiled Java code, j=interpreted, Vv=VM code, C=native code)
V  [jvm.dll+0x6d7e19]
V  [jvm.dll+0x8b5096]
V  [jvm.dll+0x8b764e]
V  [jvm.dll+0x8b7d33]
V  [jvm.dll+0x284596]
V  [jvm.dll+0xc13c7]
V  [jvm.dll+0x6d86c9]
V  [jvm.dll+0x133616]
V  [jvm.dll+0x3f868e]
V  [jvm.dll+0x85fb0d]
V  [jvm.dll+0x6d664d]
C  [ucrtbase.dll+0x21bb2]
C  [KERNEL32.DLL+0x17374]
C  [ntdll.dll+0x4cc91]


---------------  P R O C E S S  ---------------

Threads class SMR info:
_java_thread_list=0x000001a51d098960, length=33, elements={
0x000001a4bcdaf220, 0x000001a4d379af40, 0x000001a4d379c590, 0x000001a4d379f200,
0x000001a4d379fe60, 0x000001a4d37a14b0, 0x000001a4d37a41a0, 0x000001a4d37a4fe0,
0x000001a4d38150e0, 0x000001a515514880, 0x000001a5156b5480, 0x000001a51a465260,
0x000001a51a392d50, 0x000001a51a3cd2c0, 0x000001a51a4b7e60, 0x000001a5156790a0,
0x000001a51a33a670, 0x000001a51ad07dc0, 0x000001a51a9833f0, 0x000001a51a981320,
0x000001a51a9819b0, 0x000001a51a9826d0, 0x000001a51a982d60, 0x000001a51c1a36f0,
0x000001a51c1a3d80, 0x000001a51c1a5e50, 0x000001a51c1a4410, 0x000001a51c1a5130,
0x000001a51c1a57c0, 0x000001a51ac3ca20, 0x000001a52219eed0, 0x000001a5221a0910,
0x000001a521681a60
}

Java Threads: ( => current thread )
  0x000001a4bcdaf220 JavaThread "main"                              [_thread_blocked, id=5788, stack(0x0000008860c00000,0x0000008860d00000) (1024K)]
  0x000001a4d379af40 JavaThread "Reference Handler"          daemon [_thread_blocked, id=16736, stack(0x0000008861000000,0x0000008861100000) (1024K)]
  0x000001a4d379c590 JavaThread "Finalizer"                  daemon [_thread_blocked, id=15244, stack(0x0000008861100000,0x0000008861200000) (1024K)]
  0x000001a4d379f200 JavaThread "Signal Dispatcher"          daemon [_thread_blocked, id=15596, stack(0x0000008861200000,0x0000008861300000) (1024K)]
=>0x000001a4d379fe60 JavaThread "Attach Listener"            daemon [_thread_in_vm, id=9804, stack(0x0000008861300000,0x0000008861400000) (1024K)]
  0x000001a4d37a14b0 JavaThread "Service Thread"             daemon [_thread_blocked, id=12440, stack(0x0000008861400000,0x0000008861500000) (1024K)]
  0x000001a4d37a41a0 JavaThread "Monitor Deflation Thread"   daemon [_thread_blocked, id=2280, stack(0x0000008861500000,0x0000008861600000) (1024K)]
  0x000001a4d37a4fe0 JavaThread "C2 CompilerThread0"         daemon [_thread_blocked, id=200, stack(0x0000008861600000,0x0000008861700000) (1024K)]
  0x000001a4d38150e0 JavaThread "C1 CompilerThread0"         daemon [_thread_blocked, id=17288, stack(0x0000008861700000,0x0000008861800000) (1024K)]
  0x000001a515514880 JavaThread "Common-Cleaner"             daemon [_thread_blocked, id=5732, stack(0x0000008861800000,0x0000008861900000) (1024K)]
  0x000001a5156b5480 JavaThread "Notification Thread"        daemon [_thread_blocked, id=11440, stack(0x0000008861900000,0x0000008861a00000) (1024K)]
  0x000001a51a465260 JavaThread "Active Thread: Equinox Container: 62976fbf-0b07-46dc-9b80-37c8e3e442f4"        [_thread_blocked, id=2032, stack(0x0000008861d00000,0x0000008861e00000) (1024K)]
  0x000001a51a392d50 JavaThread "Refresh Thread: Equinox Container: 62976fbf-0b07-46dc-9b80-37c8e3e442f4" daemon [_thread_blocked, id=12448, stack(0x0000008861e00000,0x0000008861f00000) (1024K)]
  0x000001a51a3cd2c0 JavaThread "Framework Event Dispatcher: Equinox Container: 62976fbf-0b07-46dc-9b80-37c8e3e442f4" daemon [_thread_blocked, id=12712, stack(0x0000008861f00000,0x0000008862000000) (1024K)]
  0x000001a51a4b7e60 JavaThread "Start Level: Equinox Container: 62976fbf-0b07-46dc-9b80-37c8e3e442f4" daemon [_thread_blocked, id=8844, stack(0x0000008862000000,0x0000008862100000) (1024K)]
  0x000001a5156790a0 JavaThread "Bundle File Closer"         daemon [_thread_blocked, id=16304, stack(0x0000008862100000,0x0000008862200000) (1024K)]
  0x000001a51a33a670 JavaThread "SCR Component Actor"        daemon [_thread_blocked, id=8400, stack(0x0000008862200000,0x0000008862300000) (1024K)]
  0x000001a51ad07dc0 JavaThread "Worker-JM"                         [_thread_blocked, id=5436, stack(0x0000008862300000,0x0000008862400000) (1024K)]
  0x000001a51a9833f0 JavaThread "Java indexing"              daemon [_thread_blocked, id=15408, stack(0x0000008862800000,0x0000008862900000) (1024K)]
  0x000001a51a981320 JavaThread "JNA Cleaner"                daemon [_thread_blocked, id=13884, stack(0x0000008862900000,0x0000008862a00000) (1024K)]
  0x000001a51a9819b0 JavaThread "Thread-1"                   daemon [_thread_in_native, id=14608, stack(0x0000008862a00000,0x0000008862b00000) (1024K)]
  0x000001a51a9826d0 JavaThread "Thread-2"                   daemon [_thread_in_native, id=13236, stack(0x0000008862b00000,0x0000008862c00000) (1024K)]
  0x000001a51a982d60 JavaThread "Thread-3"                   daemon [_thread_in_native, id=16220, stack(0x0000008862c00000,0x0000008862d00000) (1024K)]
  0x000001a51c1a36f0 JavaThread "Thread-4"                   daemon [_thread_in_native, id=12100, stack(0x0000008862d00000,0x0000008862e00000) (1024K)]
  0x000001a51c1a3d80 JavaThread "Thread-5"                   daemon [_thread_in_native, id=11356, stack(0x0000008862e00000,0x0000008862f00000) (1024K)]
  0x000001a51c1a5e50 JavaThread "pool-2-thread-1"                   [_thread_blocked, id=11924, stack(0x0000008862f00000,0x0000008863000000) (1024K)]
  0x000001a51c1a4410 JavaThread "Worker-4"                          [_thread_blocked, id=14116, stack(0x0000008863000000,0x0000008863100000) (1024K)]
  0x000001a51c1a5130 JavaThread "WorkspaceEventsHandler"            [_thread_blocked, id=15472, stack(0x0000008863200000,0x0000008863300000) (1024K)]
  0x000001a51c1a57c0 JavaThread "pool-1-thread-1"                   [_thread_blocked, id=5912, stack(0x0000008863300000,0x0000008863400000) (1024K)]
  0x000001a51ac3ca20 JavaThread "PatternSearchJob-worker-1"  daemon [_thread_blocked, id=15652, stack(0x0000008860b00000,0x0000008860c00000) (1024K)]
  0x000001a52219eed0 JavaThread "PatternSearchJob-worker-3"  daemon [_thread_blocked, id=16136, stack(0x0000008863400000,0x0000008863500000) (1024K)]
  0x000001a5221a0910 JavaThread "Cleaner-0"                  daemon [_thread_blocked, id=5976, stack(0x0000008863b00000,0x0000008863c00000) (1024K)]
  0x000001a521681a60 JavaThread "Worker-11"                         [_thread_blocked, id=15268, stack(0x0000008860a00000,0x0000008860b00000) (1024K)]
Total: 33

Other Threads:
  0x000001a4d377c440 VMThread "VM Thread"                           [id=17264, stack(0x0000008860f00000,0x0000008861000000) (1024K)]
  0x000001a4d36f1c40 WatcherThread "VM Periodic Task Thread"        [id=6836, stack(0x0000008860e00000,0x0000008860f00000) (1024K)]
  0x000001a4bcdcf1f0 WorkerThread "GC Thread#0"                     [id=16820, stack(0x0000008860d00000,0x0000008860e00000) (1024K)]
  0x000001a5157d9960 WorkerThread "GC Thread#1"                     [id=16128, stack(0x0000008861a00000,0x0000008861b00000) (1024K)]
  0x000001a5157da110 WorkerThread "GC Thread#2"                     [id=2244, stack(0x0000008861b00000,0x0000008861c00000) (1024K)]
  0x000001a5157da4c0 WorkerThread "GC Thread#3"                     [id=1032, stack(0x0000008861c00000,0x0000008861d00000) (1024K)]
Total: 6

Threads with active compile tasks:
Total: 0

VM state: not at safepoint (normal execution)

VM Mutex/Monitor currently owned by a thread: None

Heap address: 0x0000000080000000, size: 2048 MB, Compressed Oops mode: 32-bit

CDS archive(s) mapped at: [0x000001a4d4000000-0x000001a4d4ba0000-0x000001a4d4ba0000), size 12189696, SharedBaseAddress: 0x000001a4d4000000, ArchiveRelocationMode: 1.
Compressed class space mapped at: 0x000001a4d5000000-0x000001a515000000, reserved size: 1073741824
Narrow klass base: 0x000001a4d4000000, Narrow klass shift: 0, Narrow klass range: 0x100000000

GC Precious Log:
 CardTable entry size: 512
 CPUs: 4 total, 4 available
 Memory: 4001M
 Large Page Support: Disabled
 NUMA Support: Disabled
 Compressed Oops: Enabled (32-bit)
 Alignments: Space 512K, Generation 512K, Heap 2M
 Heap Min Capacity: 100M
 Heap Initial Capacity: 100M
 Heap Max Capacity: 2G
 Pre-touch: Disabled
 Parallel Workers: 4

Heap:
 PSYoungGen      total 6656K, used 2161K [0x00000000d5580000, 0x00000000d6100000, 0x0000000100000000)
  eden space 6144K, 30% used [0x00000000d5580000,0x00000000d57585a0,0x00000000d5b80000)
  from space 512K, 53% used [0x00000000d6080000,0x00000000d60c4010,0x00000000d6100000)
  to   space 512K, 0% used [0x00000000d6000000,0x00000000d6000000,0x00000000d6080000)
 ParOldGen       total 907264K, used 622694K [0x0000000080000000, 0x00000000b7600000, 0x00000000d5580000)
  object space 907264K, 68% used [0x0000000080000000,0x00000000a6019a28,0x00000000b7600000)
 Metaspace       used 93257K, committed 95232K, reserved 1179648K
  class space    used 9680K, committed 10496K, reserved 1048576K

Card table byte_map: [0x000001a4bc790000,0x000001a4bcba0000] _byte_map_base: 0x000001a4bc390000

Marking Bits: (ParMarkBitMap*) 0x00007ffabdaa4460
 Begin Bits: [0x000001a4cf270000, 0x000001a4d1270000)
 End Bits:   [0x000001a4d1270000, 0x000001a4d3270000)

Polling page: 0x000001a4bc580000

Metaspace:

Usage:
  Non-class:     81.62 MB used.
      Class:      9.45 MB used.
       Both:     91.07 MB used.

Virtual space:
  Non-class space:      128.00 MB reserved,      82.75 MB ( 65%) committed,  2 nodes.
      Class space:        1.00 GB reserved,      10.25 MB (  1%) committed,  1 nodes.
             Both:        1.12 GB reserved,      93.00 MB (  8%) committed. 

Chunk freelists:
   Non-Class:  13.03 MB
       Class:  5.70 MB
        Both:  18.74 MB

MaxMetaspaceSize: unlimited
CompressedClassSpaceSize: 1.00 GB
Initial GC threshold: 21.00 MB
Current GC threshold: 131.38 MB
CDS: on
 - commit_granule_bytes: 65536.
 - commit_granule_words: 8192.
 - virtual_space_node_default_size: 8388608.
 - enlarge_chunks_in_place: 1.
 - use_allocation_guard: 0.


Internal statistics:

num_allocs_failed_limit: 9.
num_arena_births: 1746.
num_arena_deaths: 16.
num_vsnodes_births: 3.
num_vsnodes_deaths: 0.
num_space_committed: 1488.
num_space_uncommitted: 0.
num_chunks_returned_to_freelist: 25.
num_chunks_taken_from_freelist: 6258.
num_chunk_merges: 12.
num_chunk_splits: 3775.
num_chunks_enlarged: 2115.
num_inconsistent_stats: 0.

CodeHeap 'non-profiled nmethods': size=120000Kb used=20910Kb max_used=20910Kb free=99089Kb
 bounds [0x000001a4c7a90000, 0x000001a4c8f00000, 0x000001a4cefc0000]
CodeHeap 'profiled nmethods': size=120000Kb used=50550Kb max_used=50550Kb free=69449Kb
 bounds [0x000001a4bffc0000, 0x000001a4c3120000, 0x000001a4c74f0000]
CodeHeap 'non-nmethods': size=5760Kb used=1533Kb max_used=1634Kb free=4227Kb
 bounds [0x000001a4c74f0000, 0x000001a4c7760000, 0x000001a4c7a90000]
CodeCache: size=245760Kb, used=72993Kb, max_used=73094Kb, free=172765Kb
 total_blobs=20074, nmethods=19214, adapters=762, full_count=0
Compilation: enabled, stopped_count=0, restarted_count=0

Compilation events (20 events):
Event: 1157.093 Thread 0x000001a4d38150e0 nmethod 21061 0x000001a4c310f610 code [0x000001a4c3110040, 0x000001a4c3116de0]
Event: 1157.535 Thread 0x000001a4d37a4fe0 nmethod 21050 0x000001a4c8ef0410 code [0x000001a4c8ef0980, 0x000001a4c8ef5e30]
Event: 1157.541 Thread 0x000001a4d37a4fe0 21057       4       java.lang.StringConcatHelper::prepend (37 bytes)
Event: 1157.544 Thread 0x000001a4d37a4fe0 nmethod 21057 0x000001a4c8efb290 code [0x000001a4c8efb440, 0x000001a4c8efb6f0]
Event: 1157.545 Thread 0x000001a4d37a4fe0 21060       4       org.eclipse.core.internal.events.ResourceDelta::getFlags (11 bytes)
Event: 1157.547 Thread 0x000001a4d37a4fe0 nmethod 21060 0x000001a4c8efb890 code [0x000001a4c8efba20, 0x000001a4c8efbac0]
Event: 1225.310 Thread 0x000001a4d38150e0 21062       3       java.util.concurrent.ScheduledThreadPoolExecutor$DelayedWorkQueue::take (5 bytes)
Event: 1225.313 Thread 0x000001a4d38150e0 nmethod 21062 0x000001a4c3119110 code [0x000001a4c31192c0, 0x000001a4c3119418]
Event: 1225.313 Thread 0x000001a4d38150e0 21063   !   3       java.util.concurrent.ScheduledThreadPoolExecutor$DelayedWorkQueue::take (203 bytes)
Event: 1225.339 Thread 0x000001a4d38150e0 nmethod 21063 0x000001a4c3119510 code [0x000001a4c31198c0, 0x000001a4c311b138]
Event: 1235.319 Thread 0x000001a4d38150e0 21064       3       java.util.concurrent.ScheduledThreadPoolExecutor$DelayedWorkQueue::add (9 bytes)
Event: 1235.320 Thread 0x000001a4d38150e0 nmethod 21064 0x000001a4c311bc10 code [0x000001a4c311bde0, 0x000001a4c311c0b8]
Event: 1235.320 Thread 0x000001a4d38150e0 21065       3       java.util.concurrent.ScheduledThreadPoolExecutor$DelayedWorkQueue::add (6 bytes)
Event: 1235.320 Thread 0x000001a4d38150e0 nmethod 21065 0x000001a4c311c190 code [0x000001a4c311c340, 0x000001a4c311c498]
Event: 1248.037 Thread 0x000001a4d38150e0 21066       3       org.eclipse.jdt.ls.core.internal.handlers.ProgressReporterManager::createJobMonitor (10 bytes)
Event: 1248.826 Thread 0x000001a4d38150e0 nmethod 21066 0x000001a4c311c590 code [0x000001a4c311c740, 0x000001a4c311c980]
Event: 1250.387 Thread 0x000001a4d38150e0 21068       3       org.eclipse.core.internal.resources.ResourceInfo::shareStrings (43 bytes)
Event: 1250.393 Thread 0x000001a4d38150e0 nmethod 21068 0x000001a4c311ca90 code [0x000001a4c311cc60, 0x000001a4c311cf28]
Event: 1255.430 Thread 0x000001a4d38150e0 21069       3       java.util.concurrent.ScheduledThreadPoolExecutor$ScheduledFutureTask::run (57 bytes)
Event: 1257.535 Thread 0x000001a4d38150e0 nmethod 21069 0x000001a4c311d090 code [0x000001a4c311d2c0, 0x000001a4c311d830]

GC Heap History (20 events):
Event: 884.288 GC heap before
{Heap before GC invocations=1803 (full 4):
 PSYoungGen      total 3072K, used 2570K [0x00000000d5580000, 0x00000000d5a80000, 0x0000000100000000)
  eden space 1536K, 100% used [0x00000000d5580000,0x00000000d5700000,0x00000000d5700000)
  from space 1536K, 67% used [0x00000000d5900000,0x00000000d5a02b90,0x00000000d5a80000)
  to   space 1536K, 0% used [0x00000000d5780000,0x00000000d5780000,0x00000000d5900000)
 ParOldGen       total 907264K, used 542302K [0x0000000080000000, 0x00000000b7600000, 0x00000000d5580000)
  object space 907264K, 59% used [0x0000000080000000,0x00000000a11979b8,0x00000000b7600000)
 Metaspace       used 93100K, committed 95040K, reserved 1179648K
  class space    used 9670K, committed 10496K, reserved 1048576K
}
Event: 884.302 GC heap after
{Heap after GC invocations=1803 (full 4):
 PSYoungGen      total 3584K, used 1514K [0x00000000d5580000, 0x00000000d5e80000, 0x0000000100000000)
  eden space 2048K, 0% used [0x00000000d5580000,0x00000000d5580000,0x00000000d5780000)
  from space 1536K, 98% used [0x00000000d5780000,0x00000000d58fab90,0x00000000d5900000)
  to   space 3584K, 0% used [0x00000000d5b00000,0x00000000d5b00000,0x00000000d5e80000)
 ParOldGen       total 907264K, used 543732K [0x0000000080000000, 0x00000000b7600000, 0x00000000d5580000)
  object space 907264K, 59% used [0x0000000080000000,0x00000000a12fd0d8,0x00000000b7600000)
 Metaspace       used 93100K, committed 95040K, reserved 1179648K
  class space    used 9670K, committed 10496K, reserved 1048576K
}
Event: 884.316 GC heap before
{Heap before GC invocations=1804 (full 4):
 PSYoungGen      total 3584K, used 3562K [0x00000000d5580000, 0x00000000d5e80000, 0x0000000100000000)
  eden space 2048K, 99% used [0x00000000d5580000,0x00000000d577ffb0,0x00000000d5780000)
  from space 1536K, 98% used [0x00000000d5780000,0x00000000d58fab90,0x00000000d5900000)
  to   space 3584K, 0% used [0x00000000d5b00000,0x00000000d5b00000,0x00000000d5e80000)
 ParOldGen       total 907264K, used 543732K [0x0000000080000000, 0x00000000b7600000, 0x00000000d5580000)
  object space 907264K, 59% used [0x0000000080000000,0x00000000a12fd0d8,0x00000000b7600000)
 Metaspace       used 93100K, committed 95040K, reserved 1179648K
  class space    used 9670K, committed 10496K, reserved 1048576K
}
Event: 884.344 GC heap after
{Heap after GC invocations=1804 (full 4):
 PSYoungGen      total 5120K, used 2080K [0x00000000d5580000, 0x00000000d5d80000, 0x0000000100000000)
  eden space 2560K, 0% used [0x00000000d5580000,0x00000000d5580000,0x00000000d5800000)
  from space 2560K, 81% used [0x00000000d5b00000,0x00000000d5d08000,0x00000000d5d80000)
  to   space 2560K, 0% used [0x00000000d5880000,0x00000000d5880000,0x00000000d5b00000)
 ParOldGen       total 907264K, used 545239K [0x0000000080000000, 0x00000000b7600000, 0x00000000d5580000)
  object space 907264K, 60% used [0x0000000080000000,0x00000000a1475c68,0x00000000b7600000)
 Metaspace       used 93100K, committed 95040K, reserved 1179648K
  class space    used 9670K, committed 10496K, reserved 1048576K
}
Event: 884.363 GC heap before
{Heap before GC invocations=1805 (full 4):
 PSYoungGen      total 5120K, used 4640K [0x00000000d5580000, 0x00000000d5d80000, 0x0000000100000000)
  eden space 2560K, 100% used [0x00000000d5580000,0x00000000d5800000,0x00000000d5800000)
  from space 2560K, 81% used [0x00000000d5b00000,0x00000000d5d08000,0x00000000d5d80000)
  to   space 2560K, 0% used [0x00000000d5880000,0x00000000d5880000,0x00000000d5b00000)
 ParOldGen       total 907264K, used 545239K [0x0000000080000000, 0x00000000b7600000, 0x00000000d5580000)
  object space 907264K, 60% used [0x0000000080000000,0x00000000a1475c68,0x00000000b7600000)
 Metaspace       used 93100K, committed 95040K, reserved 1179648K
  class space    used 9670K, committed 10496K, reserved 1048576K
}
Event: 884.387 GC heap after
{Heap after GC invocations=1805 (full 4):
 PSYoungGen      total 5632K, used 2560K [0x00000000d5580000, 0x00000000d6280000, 0x0000000100000000)
  eden space 3072K, 0% used [0x00000000d5580000,0x00000000d5580000,0x00000000d5880000)
  from space 2560K, 100% used [0x00000000d5880000,0x00000000d5b00000,0x00000000d5b00000)
  to   space 5120K, 0% used [0x00000000d5d80000,0x00000000d5d80000,0x00000000d6280000)
 ParOldGen       total 907264K, used 547295K [0x0000000080000000, 0x00000000b7600000, 0x00000000d5580000)
  object space 907264K, 60% used [0x0000000080000000,0x00000000a1677c68,0x00000000b7600000)
 Metaspace       used 93100K, committed 95040K, reserved 1179648K
  class space    used 9670K, committed 10496K, reserved 1048576K
}
Event: 884.416 GC heap before
{Heap before GC invocations=1806 (full 4):
 PSYoungGen      total 5632K, used 5605K [0x00000000d5580000, 0x00000000d6280000, 0x0000000100000000)
  eden space 3072K, 99% used [0x00000000d5580000,0x00000000d5879760,0x00000000d5880000)
  from space 2560K, 100% used [0x00000000d5880000,0x00000000d5b00000,0x00000000d5b00000)
  to   space 5120K, 0% used [0x00000000d5d80000,0x00000000d5d80000,0x00000000d6280000)
 ParOldGen       total 907264K, used 547295K [0x0000000080000000, 0x00000000b7600000, 0x00000000d5580000)
  object space 907264K, 60% used [0x0000000080000000,0x00000000a1677c68,0x00000000b7600000)
 Metaspace       used 93100K, committed 95040K, reserved 1179648K
  class space    used 9670K, committed 10496K, reserved 1048576K
}
Event: 884.445 GC heap after
{Heap after GC invocations=1806 (full 4):
 PSYoungGen      total 7168K, used 2997K [0x00000000d5580000, 0x00000000d6080000, 0x0000000100000000)
  eden space 4096K, 0% used [0x00000000d5580000,0x00000000d5580000,0x00000000d5980000)
  from space 3072K, 97% used [0x00000000d5d80000,0x00000000d606d400,0x00000000d6080000)
  to   space 3584K, 0% used [0x00000000d5980000,0x00000000d5980000,0x00000000d5d00000)
 ParOldGen       total 907264K, used 549855K [0x0000000080000000, 0x00000000b7600000, 0x00000000d5580000)
  object space 907264K, 60% used [0x0000000080000000,0x00000000a18f7c68,0x00000000b7600000)
 Metaspace       used 93100K, committed 95040K, reserved 1179648K
  class space    used 9670K, committed 10496K, reserved 1048576K
}
Event: 884.670 GC heap before
{Heap before GC invocations=1807 (full 4):
 PSYoungGen      total 7168K, used 7093K [0x00000000d5580000, 0x00000000d6080000, 0x0000000100000000)
  eden space 4096K, 100% used [0x00000000d5580000,0x00000000d5980000,0x00000000d5980000)
  from space 3072K, 97% used [0x00000000d5d80000,0x00000000d606d400,0x00000000d6080000)
  to   space 3584K, 0% used [0x00000000d5980000,0x00000000d5980000,0x00000000d5d00000)
 ParOldGen       total 907264K, used 549855K [0x0000000080000000, 0x00000000b7600000, 0x00000000d5580000)
  object space 907264K, 60% used [0x0000000080000000,0x00000000a18f7c68,0x00000000b7600000)
 Metaspace       used 93100K, committed 95040K, reserved 1179648K
  class space    used 9670K, committed 10496K, reserved 1048576K
}
Event: 884.697 GC heap after
{Heap after GC invocations=1807 (full 4):
 PSYoungGen      total 7680K, used 2752K [0x00000000d5580000, 0x00000000d6080000, 0x0000000100000000)
  eden space 4096K, 0% used [0x00000000d5580000,0x00000000d5580000,0x00000000d5980000)
  from space 3584K, 76% used [0x00000000d5980000,0x00000000d5c30000,0x00000000d5d00000)
  to   space 3072K, 0% used [0x00000000d5d80000,0x00000000d5d80000,0x00000000d6080000)
 ParOldGen       total 907264K, used 552791K [0x0000000080000000, 0x00000000b7600000, 0x00000000d5580000)
  object space 907264K, 60% used [0x0000000080000000,0x00000000a1bd5c68,0x00000000b7600000)
 Metaspace       used 93100K, committed 95040K, reserved 1179648K
  class space    used 9670K, committed 10496K, reserved 1048576K
}
Event: 887.420 GC heap before
{Heap before GC invocations=1808 (full 4):
 PSYoungGen      total 7680K, used 6666K [0x00000000d5580000, 0x00000000d6080000, 0x0000000100000000)
  eden space 4096K, 95% used [0x00000000d5580000,0x00000000d5952ae0,0x00000000d5980000)
  from space 3584K, 76% used [0x00000000d5980000,0x00000000d5c30000,0x00000000d5d00000)
  to   space 3072K, 0% used [0x00000000d5d80000,0x00000000d5d80000,0x00000000d6080000)
 ParOldGen       total 907264K, used 552791K [0x0000000080000000, 0x00000000b7600000, 0x00000000d5580000)
  object space 907264K, 60% used [0x0000000080000000,0x00000000a1bd5c68,0x00000000b7600000)
 Metaspace       used 93136K, committed 95040K, reserved 1179648K
  class space    used 9678K, committed 10496K, reserved 1048576K
}
Event: 887.443 GC heap after
{Heap after GC invocations=1808 (full 4):
 PSYoungGen      total 7168K, used 1944K [0x00000000d5580000, 0x00000000d5f80000, 0x0000000100000000)
  eden space 5120K, 0% used [0x00000000d5580000,0x00000000d5580000,0x00000000d5a80000)
  from space 2048K, 94% used [0x00000000d5d80000,0x00000000d5f66278,0x00000000d5f80000)
  to   space 2560K, 0% used [0x00000000d5a80000,0x00000000d5a80000,0x00000000d5d00000)
 ParOldGen       total 907264K, used 555471K [0x0000000080000000, 0x00000000b7600000, 0x00000000d5580000)
  object space 907264K, 61% used [0x0000000080000000,0x00000000a1e73c68,0x00000000b7600000)
 Metaspace       used 93136K, committed 95040K, reserved 1179648K
  class space    used 9678K, committed 10496K, reserved 1048576K
}
Event: 897.054 GC heap before
{Heap before GC invocations=1809 (full 4):
 PSYoungGen      total 7168K, used 7064K [0x00000000d5580000, 0x00000000d5f80000, 0x0000000100000000)
  eden space 5120K, 100% used [0x00000000d5580000,0x00000000d5a80000,0x00000000d5a80000)
  from space 2048K, 94% used [0x00000000d5d80000,0x00000000d5f66278,0x00000000d5f80000)
  to   space 2560K, 0% used [0x00000000d5a80000,0x00000000d5a80000,0x00000000d5d00000)
 ParOldGen       total 907264K, used 555471K [0x0000000080000000, 0x00000000b7600000, 0x00000000d5580000)
  object space 907264K, 61% used [0x0000000080000000,0x00000000a1e73c68,0x00000000b7600000)
 Metaspace       used 93141K, committed 95040K, reserved 1179648K
  class space    used 9678K, committed 10496K, reserved 1048576K
}
Event: 897.071 GC heap after
{Heap after GC invocations=1809 (full 4):
 PSYoungGen      total 7680K, used 2557K [0x00000000d5580000, 0x00000000d6680000, 0x0000000100000000)
  eden space 5120K, 0% used [0x00000000d5580000,0x00000000d5580000,0x00000000d5a80000)
  from space 2560K, 99% used [0x00000000d5a80000,0x00000000d5cff798,0x00000000d5d00000)
  to   space 5632K, 0% used [0x00000000d6100000,0x00000000d6100000,0x00000000d6680000)
 ParOldGen       total 907264K, used 557995K [0x0000000080000000, 0x00000000b7600000, 0x00000000d5580000)
  object space 907264K, 61% used [0x0000000080000000,0x00000000a20ead70,0x00000000b7600000)
 Metaspace       used 93141K, committed 95040K, reserved 1179648K
  class space    used 9678K, committed 10496K, reserved 1048576K
}
Event: 897.196 GC heap before
{Heap before GC invocations=1810 (full 4):
 PSYoungGen      total 7680K, used 7677K [0x00000000d5580000, 0x00000000d6680000, 0x0000000100000000)
  eden space 5120K, 100% used [0x00000000d5580000,0x00000000d5a80000,0x00000000d5a80000)
  from space 2560K, 99% used [0x00000000d5a80000,0x00000000d5cff798,0x00000000d5d00000)
  to   space 5632K, 0% used [0x00000000d6100000,0x00000000d6100000,0x00000000d6680000)
 ParOldGen       total 907264K, used 557995K [0x0000000080000000, 0x00000000b7600000, 0x00000000d5580000)
  object space 907264K, 61% used [0x0000000080000000,0x00000000a20ead70,0x00000000b7600000)
 Metaspace       used 93145K, committed 95040K, reserved 1179648K
  class space    used 9678K, committed 10496K, reserved 1048576K
}
Event: 897.218 GC heap after
{Heap after GC invocations=1810 (full 4):
 PSYoungGen      total 6656K, used 256K [0x00000000d5580000, 0x00000000d6180000, 0x0000000100000000)
  eden space 6144K, 0% used [0x00000000d5580000,0x00000000d5580000,0x00000000d5b80000)
  from space 512K, 50% used [0x00000000d6100000,0x00000000d6140000,0x00000000d6180000)
  to   space 2048K, 0% used [0x00000000d5d80000,0x00000000d5d80000,0x00000000d5f80000)
 ParOldGen       total 907264K, used 560559K [0x0000000080000000, 0x00000000b7600000, 0x00000000d5580000)
  object space 907264K, 61% used [0x0000000080000000,0x00000000a236bea8,0x00000000b7600000)
 Metaspace       used 93145K, committed 95040K, reserved 1179648K
  class space    used 9678K, committed 10496K, reserved 1048576K
}
Event: 899.147 GC heap before
{Heap before GC invocations=1811 (full 4):
 PSYoungGen      total 6656K, used 6400K [0x00000000d5580000, 0x00000000d6180000, 0x0000000100000000)
  eden space 6144K, 100% used [0x00000000d5580000,0x00000000d5b80000,0x00000000d5b80000)
  from space 512K, 50% used [0x00000000d6100000,0x00000000d6140000,0x00000000d6180000)
  to   space 2048K, 0% used [0x00000000d5d80000,0x00000000d5d80000,0x00000000d5f80000)
 ParOldGen       total 907264K, used 591279K [0x0000000080000000, 0x00000000b7600000, 0x00000000d5580000)
  object space 907264K, 65% used [0x0000000080000000,0x00000000a416bed8,0x00000000b7600000)
 Metaspace       used 93189K, committed 95104K, reserved 1179648K
  class space    used 9678K, committed 10496K, reserved 1048576K
}
Event: 899.155 GC heap after
{Heap after GC invocations=1811 (full 4):
 PSYoungGen      total 8192K, used 608K [0x00000000d5580000, 0x00000000d6180000, 0x0000000100000000)
  eden space 6144K, 0% used [0x00000000d5580000,0x00000000d5580000,0x00000000d5b80000)
  from space 2048K, 29% used [0x00000000d5d80000,0x00000000d5e18000,0x00000000d5f80000)
  to   space 1024K, 0% used [0x00000000d6080000,0x00000000d6080000,0x00000000d6180000)
 ParOldGen       total 907264K, used 591471K [0x0000000080000000, 0x00000000b7600000, 0x00000000d5580000)
  object space 907264K, 65% used [0x0000000080000000,0x00000000a419bed8,0x00000000b7600000)
 Metaspace       used 93189K, committed 95104K, reserved 1179648K
  class space    used 9678K, committed 10496K, reserved 1048576K
}
Event: 1155.827 GC heap before
{Heap before GC invocations=1812 (full 4):
 PSYoungGen      total 8192K, used 6752K [0x00000000d5580000, 0x00000000d6180000, 0x0000000100000000)
  eden space 6144K, 100% used [0x00000000d5580000,0x00000000d5b80000,0x00000000d5b80000)
  from space 2048K, 29% used [0x00000000d5d80000,0x00000000d5e18000,0x00000000d5f80000)
  to   space 1024K, 0% used [0x00000000d6080000,0x00000000d6080000,0x00000000d6180000)
 ParOldGen       total 907264K, used 622191K [0x0000000080000000, 0x00000000b7600000, 0x00000000d5580000)
  object space 907264K, 68% used [0x0000000080000000,0x00000000a5f9bf08,0x00000000b7600000)
 Metaspace       used 93232K, committed 95168K, reserved 1179648K
  class space    used 9680K, committed 10496K, reserved 1048576K
}
Event: 1156.227 GC heap after
{Heap after GC invocations=1812 (full 4):
 PSYoungGen      total 6656K, used 272K [0x00000000d5580000, 0x00000000d6100000, 0x0000000100000000)
  eden space 6144K, 0% used [0x00000000d5580000,0x00000000d5580000,0x00000000d5b80000)
  from space 512K, 53% used [0x00000000d6080000,0x00000000d60c4010,0x00000000d6100000)
  to   space 512K, 0% used [0x00000000d6000000,0x00000000d6000000,0x00000000d6080000)
 ParOldGen       total 907264K, used 622694K [0x0000000080000000, 0x00000000b7600000, 0x00000000d5580000)
  object space 907264K, 68% used [0x0000000080000000,0x00000000a6019a28,0x00000000b7600000)
 Metaspace       used 93232K, committed 95168K, reserved 1179648K
  class space    used 9680K, committed 10496K, reserved 1048576K
}

Dll operation events (12 events):
Event: 1.159 Loaded shared library c:\Users\user\.vscode\extensions\redhat.java-1.55.0-win32-x64\jre\21.0.11-win32-x86_64\bin\java.dll
Event: 1.636 Loaded shared library c:\Users\user\.vscode\extensions\redhat.java-1.55.0-win32-x64\jre\21.0.11-win32-x86_64\bin\zip.dll
Event: 2.861 Loaded shared library C:\Users\user\.vscode\extensions\redhat.java-1.55.0-win32-x64\jre\21.0.11-win32-x86_64\bin\instrument.dll
Event: 2.875 Loaded shared library C:\Users\user\.vscode\extensions\redhat.java-1.55.0-win32-x64\jre\21.0.11-win32-x86_64\bin\net.dll
Event: 2.881 Loaded shared library C:\Users\user\.vscode\extensions\redhat.java-1.55.0-win32-x64\jre\21.0.11-win32-x86_64\bin\nio.dll
Event: 2.914 Loaded shared library C:\Users\user\.vscode\extensions\redhat.java-1.55.0-win32-x64\jre\21.0.11-win32-x86_64\bin\zip.dll
Event: 4.567 Loaded shared library C:\Users\user\.vscode\extensions\redhat.java-1.55.0-win32-x64\jre\21.0.11-win32-x86_64\bin\jimage.dll
Event: 5.096 Loaded shared library c:\Users\user\.vscode\extensions\redhat.java-1.55.0-win32-x64\jre\21.0.11-win32-x86_64\bin\verify.dll
Event: 19.170 Loaded shared library C:\Users\user\AppData\Roaming\Code\User\globalStorage\redhat.java\1.55.0\config_win\org.eclipse.equinox.launcher\org.eclipse.equinox.launcher.win32.win32.x86_64_1.3.100.v20260613-0559\eclipse_11924.dll
Event: 59.385 Loaded shared library C:\Users\user\AppData\Local\Temp\jna-3599307\jna17495880661431918535.dll
Event: 63.000 Loaded shared library C:\Users\user\.vscode\extensions\redhat.java-1.55.0-win32-x64\jre\21.0.11-win32-x86_64\bin\sunmscapi.dll
Event: 63.259 Loaded shared library C:\Users\user\.vscode\extensions\redhat.java-1.55.0-win32-x64\jre\21.0.11-win32-x86_64\bin\extnet.dll

Deoptimization events (20 events):
Event: 866.275 Thread 0x000001a5221a2350 Uncommon trap: trap_request=0xffffffde fr.pc=0x000001a4c8832610 relative=0x00000000000000f0
Event: 866.275 Thread 0x000001a5221a2350 Uncommon trap: reason=class_check action=maybe_recompile pc=0x000001a4c8832610 method=org.eclipse.jdt.ls.core.internal.handlers.JsonRpcHelpers.toDocument(Lorg/eclipse/jdt/core/IBuffer;)Lorg/eclipse/jface/text/IDocument; @ 21 c2
Event: 866.275 Thread 0x000001a5221a2350 DEOPT PACKING pc=0x000001a4c8832610 sp=0x0000008863afe820
Event: 866.276 Thread 0x000001a5221a2350 DEOPT UNPACKING pc=0x000001a4c7543aa2 sp=0x0000008863afe7a0 mode 2
Event: 866.276 Thread 0x000001a5221a2350 Uncommon trap: trap_request=0xffffffde fr.pc=0x000001a4c7b43480 relative=0x00000000000009c0
Event: 866.276 Thread 0x000001a5221a2350 Uncommon trap: reason=class_check action=maybe_recompile pc=0x000001a4c7b43480 method=org.eclipse.jdt.ls.core.internal.handlers.JsonRpcHelpers.toLine(Lorg/eclipse/jface/text/IDocument;I)[I @ 6 c2
Event: 866.276 Thread 0x000001a5221a2350 DEOPT PACKING pc=0x000001a4c7b43480 sp=0x0000008863afe7e0
Event: 866.276 Thread 0x000001a5221a2350 DEOPT UNPACKING pc=0x000001a4c7543aa2 sp=0x0000008863afe798 mode 2
Event: 883.919 Thread 0x000001a5221a1cc0 Uncommon trap: trap_request=0xffffff6e fr.pc=0x000001a4c8e9aed0 relative=0x0000000000000a10
Event: 883.919 Thread 0x000001a5221a1cc0 Uncommon trap: reason=loop_limit_check action=maybe_recompile pc=0x000001a4c8e9aed0 method=org.eclipse.jdt.internal.compiler.parser.Parser.constructTypeReference(I)Lorg/eclipse/jdt/internal/compiler/ast/TypeReference; @ 546 c2
Event: 883.919 Thread 0x000001a5221a1cc0 DEOPT PACKING pc=0x000001a4c8e9aed0 sp=0x00000088636fe1d0
Event: 883.919 Thread 0x000001a5221a1cc0 DEOPT UNPACKING pc=0x000001a4c7543aa2 sp=0x00000088636fe180 mode 2
Event: 884.667 Thread 0x000001a5221a0280 DEOPT PACKING pc=0x000001a4c25d2780 sp=0x00000088639fe3c0
Event: 884.670 Thread 0x000001a5221a0280 DEOPT UNPACKING pc=0x000001a4c7544242 sp=0x00000088639fd7d8 mode 0
Event: 897.928 Thread 0x000001a5221a57d0 Uncommon trap: trap_request=0xffffff6e fr.pc=0x000001a4c8eab01c relative=0x0000000000006cdc
Event: 897.928 Thread 0x000001a5221a57d0 Uncommon trap: reason=loop_limit_check action=maybe_recompile pc=0x000001a4c8eab01c method=org.eclipse.jdt.internal.compiler.lookup.ParameterizedTypeBinding.superInterfaces()[Lorg/eclipse/jdt/internal/compiler/lookup/ReferenceBinding; @ 107 c2
Event: 897.928 Thread 0x000001a5221a57d0 DEOPT PACKING pc=0x000001a4c8eab01c sp=0x00000088635fdfa0
Event: 897.931 Thread 0x000001a5221a57d0 DEOPT UNPACKING pc=0x000001a4c7543aa2 sp=0x00000088635fdf68 mode 2
Event: 1156.233 Thread 0x000001a5221a1630 DEOPT PACKING pc=0x000001a4c1ddf1ad sp=0x00000088631fd890
Event: 1156.236 Thread 0x000001a5221a1630 DEOPT UNPACKING pc=0x000001a4c7544242 sp=0x00000088631fcd48 mode 0

Classes loaded (20 events):
Event: 676.470 Loading class java/util/function/IntToDoubleFunction
Event: 676.470 Loading class java/util/function/IntToDoubleFunction done
Event: 676.470 Loading class java/util/function/IntToLongFunction
Event: 676.470 Loading class java/util/function/IntToLongFunction done
Event: 676.698 Loading class java/io/Console
Event: 676.700 Loading class java/io/Console done
Event: 677.463 Loading class java/util/Locale$FilteringMode
Event: 677.472 Loading class java/util/Locale$FilteringMode done
Event: 677.472 Loading class java/util/Locale$IsoCountryCode
Event: 677.473 Loading class java/util/Locale$IsoCountryCode done
Event: 677.687 Loading class java/util/HashMap$EntrySpliterator
Event: 677.687 Loading class java/util/HashMap$EntrySpliterator done
Event: 829.078 Loading class java/util/regex/Pattern$Behind
Event: 829.081 Loading class java/util/regex/Pattern$Behind done
Event: 829.084 Loading class java/util/regex/Pattern$Neg
Event: 829.085 Loading class java/util/regex/Pattern$Neg done
Event: 859.028 Loading class jdk/internal/module/IllegalAccessLogger
Event: 859.029 Loading class jdk/internal/module/IllegalAccessLogger done
Event: 897.227 Loading class jdk/internal/module/IllegalAccessLogger
Event: 897.227 Loading class jdk/internal/module/IllegalAccessLogger done

Classes unloaded (8 events):
Event: 56.315 Thread 0x000001a4d377c440 Unloading class 0x000001a4d51aec00 'java/lang/invoke/LambdaForm$MH+0x000001a4d51aec00'
Event: 56.315 Thread 0x000001a4d377c440 Unloading class 0x000001a4d51ae800 'java/lang/invoke/LambdaForm$MH+0x000001a4d51ae800'
Event: 56.315 Thread 0x000001a4d377c440 Unloading class 0x000001a4d51ae400 'java/lang/invoke/LambdaForm$MH+0x000001a4d51ae400'
Event: 56.315 Thread 0x000001a4d377c440 Unloading class 0x000001a4d51ae000 'java/lang/invoke/LambdaForm$MH+0x000001a4d51ae000'
Event: 56.315 Thread 0x000001a4d377c440 Unloading class 0x000001a4d51adc00 'java/lang/invoke/LambdaForm$BMH+0x000001a4d51adc00'
Event: 56.315 Thread 0x000001a4d377c440 Unloading class 0x000001a4d51ad800 'java/lang/invoke/LambdaForm$DMH+0x000001a4d51ad800'
Event: 56.315 Thread 0x000001a4d377c440 Unloading class 0x000001a4d51ac400 'java/lang/invoke/LambdaForm$DMH+0x000001a4d51ac400'
Event: 488.286 Thread 0x000001a4d377c440 Unloading class 0x000001a4d589c400 'java/lang/invoke/LambdaForm$DMH+0x000001a4d589c400'

Classes redefined (0 events):
No events

Internal exceptions (20 events):
Event: 669.770 Thread 0x000001a5221a2350 Exception <a 'java/lang/NoSuchMethodError'{0x00000000d5ae7e38}: 'int java.lang.invoke.DirectMethodHandle$Holder.invokeSpecialIFC(java.lang.Object, java.lang.Object, int)'> (0x00000000d5ae7e38) 
thrown [s\src\hotspot\share\interpreter\linkResolver.cpp, line 773]
Event: 670.531 Thread 0x000001a5221a2350 Exception <a 'sun/nio/fs/WindowsException'{0x00000000d5868028}> (0x00000000d5868028) 
thrown [s\src\hotspot\share\prims\jni.cpp, line 520]
Event: 670.532 Thread 0x000001a5221a2350 Exception <a 'sun/nio/fs/WindowsException'{0x00000000d5868878}> (0x00000000d5868878) 
thrown [s\src\hotspot\share\prims\jni.cpp, line 520]
Event: 672.818 Thread 0x000001a5221a0280 Exception <a 'sun/nio/fs/WindowsException'{0x00000000d58c6728}> (0x00000000d58c6728) 
thrown [s\src\hotspot\share\prims\jni.cpp, line 520]
Event: 672.819 Thread 0x000001a5221a0280 Exception <a 'sun/nio/fs/WindowsException'{0x00000000d58c6f78}> (0x00000000d58c6f78) 
thrown [s\src\hotspot\share\prims\jni.cpp, line 520]
Event: 677.882 Thread 0x000001a5221a57d0 Implicit null exception at 0x000001a4c829f4da to 0x000001a4c829f533
Event: 679.172 Thread 0x000001a5221a57d0 Implicit null exception at 0x000001a4c89cab02 to 0x000001a4c89ccefc
Event: 827.938 Thread 0x000001a5221a2350 Exception <a 'java/lang/NoSuchMethodError'{0x00000000d5896388}: 'int java.lang.invoke.DirectMethodHandle$Holder.invokeVirtual(java.lang.Object, java.lang.Object, java.lang.Object, int)'> (0x00000000d5896388) 
thrown [s\src\hotspot\share\interpreter\linkResolver.cpp, line 773]
Event: 828.107 Thread 0x000001a5221a2350 Exception <a 'java/lang/NoSuchMethodError'{0x00000000d58c6638}: 'void java.lang.invoke.DirectMethodHandle$Holder.invokeSpecial(java.lang.Object, java.lang.Object, int)'> (0x00000000d58c6638) 
thrown [s\src\hotspot\share\interpreter\linkResolver.cpp, line 773]
Event: 832.330 Thread 0x000001a5221a0280 Exception <a 'sun/nio/fs/WindowsException'{0x00000000d57c3cc0}> (0x00000000d57c3cc0) 
thrown [s\src\hotspot\share\prims\jni.cpp, line 520]
Event: 832.332 Thread 0x000001a5221a0280 Exception <a 'sun/nio/fs/WindowsException'{0x00000000d57c47f0}> (0x00000000d57c47f0) 
thrown [s\src\hotspot\share\prims\jni.cpp, line 520]
Event: 833.498 Thread 0x000001a51a9833f0 Exception <a 'sun/nio/fs/WindowsException'{0x00000000d58eef98}> (0x00000000d58eef98) 
thrown [s\src\hotspot\share\prims\jni.cpp, line 520]
Event: 837.948 Thread 0x000001a51a9833f0 Exception <a 'sun/nio/fs/WindowsException'{0x00000000d5911a48}> (0x00000000d5911a48) 
thrown [s\src\hotspot\share\prims\jni.cpp, line 520]
Event: 860.909 Thread 0x000001a51a9833f0 Exception <a 'sun/nio/fs/WindowsException'{0x00000000d58b5cb0}> (0x00000000d58b5cb0) 
thrown [s\src\hotspot\share\prims\jni.cpp, line 520]
Event: 862.231 Thread 0x000001a51a9833f0 Exception <a 'sun/nio/fs/WindowsException'{0x00000000d565d6d0}> (0x00000000d565d6d0) 
thrown [s\src\hotspot\share\prims\jni.cpp, line 520]
Event: 883.645 Thread 0x000001a51a9833f0 Exception <a 'sun/nio/fs/WindowsException'{0x00000000d56c88b8}> (0x00000000d56c88b8) 
thrown [s\src\hotspot\share\prims\jni.cpp, line 520]
Event: 884.668 Thread 0x000001a51a9833f0 Exception <a 'sun/nio/fs/WindowsException'{0x00000000d5953580}> (0x00000000d5953580) 
thrown [s\src\hotspot\share\prims\jni.cpp, line 520]
Event: 893.197 Thread 0x000001a51c1a57c0 Exception <a 'java/lang/IncompatibleClassChangeError'{0x00000000d57c52a0}: Found class java.lang.Object, but interface was expected> (0x00000000d57c52a0) 
thrown [s\src\hotspot\share\interpreter\linkResolver.cpp, line 840]
Event: 899.165 Thread 0x000001a5221a1cc0 Exception <a 'sun/nio/fs/WindowsException'{0x00000000d5588ce0}> (0x00000000d5588ce0) 
thrown [s\src\hotspot\share\prims\jni.cpp, line 520]
Event: 899.165 Thread 0x000001a5221a1cc0 Exception <a 'sun/nio/fs/WindowsException'{0x00000000d55897e0}> (0x00000000d55897e0) 
thrown [s\src\hotspot\share\prims\jni.cpp, line 520]

ZGC Phase Switch (0 events):
No events

VM Operations (20 events):
Event: 903.681 Executing non-safepoint VM operation: RendezvousGCThreads
Event: 903.681 Executing non-safepoint VM operation: RendezvousGCThreads done
Event: 906.702 Executing safepoint VM operation: Cleanup
Event: 906.702 Executing safepoint VM operation: Cleanup done
Event: 1153.589 Executing safepoint VM operation: Cleanup
Event: 1153.590 Executing safepoint VM operation: Cleanup done
Event: 1154.591 Executing safepoint VM operation: Cleanup
Event: 1154.607 Executing safepoint VM operation: Cleanup done
Event: 1155.617 Executing safepoint VM operation: Cleanup
Event: 1155.711 Executing safepoint VM operation: Cleanup done
Event: 1155.826 Executing safepoint VM operation: ParallelGCFailedAllocation (Allocation Failure)
Event: 1156.228 Executing safepoint VM operation: ParallelGCFailedAllocation (Allocation Failure) done
Event: 1157.238 Executing safepoint VM operation: Cleanup
Event: 1157.238 Executing safepoint VM operation: Cleanup done
Event: 1204.265 Executing non-safepoint VM operation: HandshakeAllThreads (HandshakeForDeflation)
Event: 1204.265 Executing non-safepoint VM operation: HandshakeAllThreads (HandshakeForDeflation) done
Event: 1204.265 Executing non-safepoint VM operation: RendezvousGCThreads
Event: 1204.265 Executing non-safepoint VM operation: RendezvousGCThreads done
Event: 1250.591 Executing safepoint VM operation: Cleanup
Event: 1250.591 Executing safepoint VM operation: Cleanup done

Memory protections (0 events):
No events

Nmethod flushes (20 events):
Event: 489.344 Thread 0x000001a4d377c440 flushing  nmethod 0x000001a4c10b7e10
Event: 489.344 Thread 0x000001a4d377c440 flushing  nmethod 0x000001a4c10b8410
Event: 489.344 Thread 0x000001a4d377c440 flushing  nmethod 0x000001a4c10dba90
Event: 489.344 Thread 0x000001a4d377c440 flushing  nmethod 0x000001a4c10ec910
Event: 489.344 Thread 0x000001a4d377c440 flushing  nmethod 0x000001a4c1111510
Event: 489.344 Thread 0x000001a4d377c440 flushing  nmethod 0x000001a4c1114090
Event: 489.345 Thread 0x000001a4d377c440 flushing  nmethod 0x000001a4c115db90
Event: 489.345 Thread 0x000001a4d377c440 flushing  nmethod 0x000001a4c1160010
Event: 489.345 Thread 0x000001a4d377c440 flushing  nmethod 0x000001a4c11caf10
Event: 489.346 Thread 0x000001a4d377c440 flushing  nmethod 0x000001a4c11d7810
Event: 489.346 Thread 0x000001a4d377c440 flushing  nmethod 0x000001a4c11d8890
Event: 489.346 Thread 0x000001a4d377c440 flushing  nmethod 0x000001a4c11d9c90
Event: 489.346 Thread 0x000001a4d377c440 flushing  nmethod 0x000001a4c11db610
Event: 489.347 Thread 0x000001a4d377c440 flushing  nmethod 0x000001a4c11fba10
Event: 489.347 Thread 0x000001a4d377c440 flushing  nmethod 0x000001a4c11fc290
Event: 489.347 Thread 0x000001a4d377c440 flushing  nmethod 0x000001a4c1219990
Event: 489.347 Thread 0x000001a4d377c440 flushing  nmethod 0x000001a4c1269610
Event: 489.347 Thread 0x000001a4d377c440 flushing  nmethod 0x000001a4c1287690
Event: 489.347 Thread 0x000001a4d377c440 flushing  nmethod 0x000001a4c12efe10
Event: 489.347 Thread 0x000001a4d377c440 flushing  nmethod 0x000001a4c1303810

Events (20 events):
Event: 859.115 Thread 0x000001a4d38150e0 Thread added: 0x000001a521327ac0
Event: 864.851 Thread 0x000001a521327ac0 Thread exited: 0x000001a521327ac0
Event: 866.927 Thread 0x000001a4d38150e0 Thread added: 0x000001a521322230
Event: 871.445 Thread 0x000001a521322230 Thread exited: 0x000001a521322230
Event: 883.918 Thread 0x000001a5221a1cc0 Thread added: 0x000001a51ac3bd00
Event: 899.136 Thread 0x000001a5221a1cc0 Thread added: 0x000001a521682e10
Event: 899.141 Thread 0x000001a521682e10 Thread exited: 0x000001a521682e10
Event: 899.170 Thread 0x000001a5221a1cc0 Thread added: 0x000001a521681a60
Event: 899.177 Thread 0x000001a521681a60 Thread exited: 0x000001a521681a60
Event: 957.998 Thread 0x000001a5221a57d0 Thread exited: 0x000001a5221a57d0
Event: 960.083 Thread 0x000001a51a980600 Thread exited: 0x000001a51a980600
Event: 960.086 Thread 0x000001a5221a1cc0 Thread exited: 0x000001a5221a1cc0
Event: 966.619 Thread 0x000001a5221a2350 Thread exited: 0x000001a5221a2350
Event: 997.852 Thread 0x000001a5221a29e0 Thread exited: 0x000001a5221a29e0
Event: 1027.599 Thread 0x000001a5221a0280 Thread exited: 0x000001a5221a0280
Event: 1087.529 Thread 0x000001a51a983a80 Thread exited: 0x000001a51a983a80
Event: 1134.804 Thread 0x000001a5221a3d90 Thread exited: 0x000001a5221a3d90
Event: 1155.328 Thread 0x000001a51c1a4410 Thread added: 0x000001a521681a60
Event: 1183.924 Thread 0x000001a51ac3bd00 Thread exited: 0x000001a51ac3bd00
Event: 1217.004 Thread 0x000001a5221a1630 Thread exited: 0x000001a5221a1630


Dynamic libraries:
0x00007ff7371c0000 - 0x00007ff7371ce000 	c:\Users\user\.vscode\extensions\redhat.java-1.55.0-win32-x64\jre\21.0.11-win32-x86_64\bin\java.exe
0x00007ffb2dbf0000 - 0x00007ffb2dde8000 	C:\Windows\SYSTEM32\ntdll.dll
0x00007ffb2caf0000 - 0x00007ffb2cbb2000 	C:\Windows\System32\KERNEL32.DLL
0x00007ffb2b630000 - 0x00007ffb2b926000 	C:\Windows\System32\KERNELBASE.dll
0x00007ffb2b9c0000 - 0x00007ffb2bac0000 	C:\Windows\System32\ucrtbase.dll
0x00007ffb1cf90000 - 0x00007ffb1cfa8000 	c:\Users\user\.vscode\extensions\redhat.java-1.55.0-win32-x64\jre\21.0.11-win32-x86_64\bin\jli.dll
0x00007ffb2d590000 - 0x00007ffb2d731000 	C:\Windows\System32\USER32.dll
0x00007ffb2bac0000 - 0x00007ffb2bae2000 	C:\Windows\System32\win32u.dll
0x00007ffb2dad0000 - 0x00007ffb2dafb000 	C:\Windows\System32\GDI32.dll
0x00007ffb2baf0000 - 0x00007ffb2bc09000 	C:\Windows\System32\gdi32full.dll
0x00007ffb2b590000 - 0x00007ffb2b62d000 	C:\Windows\System32\msvcp_win.dll
0x00007ffb189f0000 - 0x00007ffb18a0e000 	c:\Users\user\.vscode\extensions\redhat.java-1.55.0-win32-x64\jre\21.0.11-win32-x86_64\bin\VCRUNTIME140.dll
0x00007ffb18320000 - 0x00007ffb185bb000 	C:\Windows\WinSxS\amd64_microsoft.windows.common-controls_6595b64144ccf1df_6.0.19041.6456_none_60b8a6cb71f64256\COMCTL32.dll
0x00007ffb2d8e0000 - 0x00007ffb2d97e000 	C:\Windows\System32\msvcrt.dll
0x00007ffb2bc10000 - 0x00007ffb2bc3f000 	C:\Windows\System32\IMM32.DLL
0x00007ffb27dd0000 - 0x00007ffb27ddc000 	c:\Users\user\.vscode\extensions\redhat.java-1.55.0-win32-x64\jre\21.0.11-win32-x86_64\bin\vcruntime140_1.dll
0x00007ffaed5d0000 - 0x00007ffaed65d000 	c:\Users\user\.vscode\extensions\redhat.java-1.55.0-win32-x64\jre\21.0.11-win32-x86_64\bin\msvcp140.dll
0x00007ffabcde0000 - 0x00007ffabdb82000 	c:\Users\user\.vscode\extensions\redhat.java-1.55.0-win32-x64\jre\21.0.11-win32-x86_64\bin\server\jvm.dll
0x00007ffb2d820000 - 0x00007ffb2d8d1000 	C:\Windows\System32\ADVAPI32.dll
0x00007ffb2c780000 - 0x00007ffb2c81f000 	C:\Windows\System32\sechost.dll
0x00007ffb2d3a0000 - 0x00007ffb2d4c0000 	C:\Windows\System32\RPCRT4.dll
0x00007ffb2b2d0000 - 0x00007ffb2b2f7000 	C:\Windows\System32\bcrypt.dll
0x00007ffb2d330000 - 0x00007ffb2d39b000 	C:\Windows\System32\WS2_32.dll
0x00007ffb2b0e0000 - 0x00007ffb2b12b000 	C:\Windows\SYSTEM32\POWRPROF.dll
0x00007ffb18240000 - 0x00007ffb18267000 	C:\Windows\SYSTEM32\WINMM.dll
0x00007ffb249b0000 - 0x00007ffb249ba000 	C:\Windows\SYSTEM32\VERSION.dll
0x00007ffb2b0c0000 - 0x00007ffb2b0d2000 	C:\Windows\SYSTEM32\UMPDC.dll
0x00007ffb290f0000 - 0x00007ffb29102000 	C:\Windows\SYSTEM32\kernel.appcore.dll
0x00007ffb24040000 - 0x00007ffb2404a000 	c:\Users\user\.vscode\extensions\redhat.java-1.55.0-win32-x64\jre\21.0.11-win32-x86_64\bin\jimage.dll
0x00007ffb18620000 - 0x00007ffb18821000 	C:\Windows\SYSTEM32\DBGHELP.DLL
0x00007ffb15d50000 - 0x00007ffb15d84000 	C:\Windows\SYSTEM32\dbgcore.DLL
0x00007ffb2b930000 - 0x00007ffb2b9b2000 	C:\Windows\System32\bcryptPrimitives.dll
0x00007ffb239c0000 - 0x00007ffb239cf000 	c:\Users\user\.vscode\extensions\redhat.java-1.55.0-win32-x64\jre\21.0.11-win32-x86_64\bin\instrument.dll
0x00007ffb12710000 - 0x00007ffb12730000 	c:\Users\user\.vscode\extensions\redhat.java-1.55.0-win32-x64\jre\21.0.11-win32-x86_64\bin\java.dll
0x00007ffb2cbc0000 - 0x00007ffb2d330000 	C:\Windows\System32\SHELL32.dll
0x00007ffb292f0000 - 0x00007ffb29a95000 	C:\Windows\SYSTEM32\windows.storage.dll
0x00007ffb2c2d0000 - 0x00007ffb2c624000 	C:\Windows\System32\combase.dll
0x00007ffb2abd0000 - 0x00007ffb2abfb000 	C:\Windows\SYSTEM32\Wldp.dll
0x00007ffb2d4c0000 - 0x00007ffb2d58d000 	C:\Windows\System32\OLEAUT32.dll
0x00007ffb2db00000 - 0x00007ffb2dbad000 	C:\Windows\System32\SHCORE.dll
0x00007ffb2d740000 - 0x00007ffb2d79b000 	C:\Windows\System32\shlwapi.dll
0x00007ffb2b1b0000 - 0x00007ffb2b1d4000 	C:\Windows\SYSTEM32\profapi.dll
0x00007ffb126f0000 - 0x00007ffb12708000 	c:\Users\user\.vscode\extensions\redhat.java-1.55.0-win32-x64\jre\21.0.11-win32-x86_64\bin\zip.dll
0x00007ffb1cf80000 - 0x00007ffb1cf90000 	C:\Users\user\.vscode\extensions\redhat.java-1.55.0-win32-x64\jre\21.0.11-win32-x86_64\bin\net.dll
0x00007ffb21c40000 - 0x00007ffb21d4a000 	C:\Windows\SYSTEM32\WINHTTP.dll
0x00007ffb2a930000 - 0x00007ffb2a99a000 	C:\Windows\system32\mswsock.dll
0x00007ffb126d0000 - 0x00007ffb126e6000 	C:\Users\user\.vscode\extensions\redhat.java-1.55.0-win32-x64\jre\21.0.11-win32-x86_64\bin\nio.dll
0x00007ffb1cf00000 - 0x00007ffb1cf10000 	c:\Users\user\.vscode\extensions\redhat.java-1.55.0-win32-x64\jre\21.0.11-win32-x86_64\bin\verify.dll
0x00007ffaf0640000 - 0x00007ffaf0685000 	C:\Users\user\AppData\Roaming\Code\User\globalStorage\redhat.java\1.55.0\config_win\org.eclipse.equinox.launcher\org.eclipse.equinox.launcher.win32.win32.x86_64_1.3.100.v20260613-0559\eclipse_11924.dll
0x00007ffb2d980000 - 0x00007ffb2daab000 	C:\Windows\System32\ole32.dll
0x00007ffb2ab20000 - 0x00007ffb2ab38000 	C:\Windows\SYSTEM32\CRYPTSP.dll
0x00007ffb2a250000 - 0x00007ffb2a288000 	C:\Windows\system32\rsaenh.dll
0x00007ffb2b170000 - 0x00007ffb2b19e000 	C:\Windows\SYSTEM32\USERENV.dll
0x00007ffb2ab40000 - 0x00007ffb2ab4c000 	C:\Windows\SYSTEM32\CRYPTBASE.dll
0x00007ffb2a610000 - 0x00007ffb2a64b000 	C:\Windows\SYSTEM32\IPHLPAPI.DLL
0x00007ffb2c630000 - 0x00007ffb2c638000 	C:\Windows\System32\NSI.dll
0x00007ffb04450000 - 0x00007ffb04499000 	C:\Users\user\AppData\Local\Temp\jna-3599307\jna17495880661431918535.dll
0x00007ffb2bc40000 - 0x00007ffb2bc48000 	C:\Windows\System32\PSAPI.DLL
0x00007ffb22e50000 - 0x00007ffb22e67000 	C:\Windows\SYSTEM32\dhcpcsvc6.DLL
0x00007ffb22f60000 - 0x00007ffb22f7d000 	C:\Windows\SYSTEM32\dhcpcsvc.DLL
0x00007ffb27e30000 - 0x00007ffb27e3e000 	C:\Users\user\.vscode\extensions\redhat.java-1.55.0-win32-x64\jre\21.0.11-win32-x86_64\bin\sunmscapi.dll
0x00007ffb2b300000 - 0x00007ffb2b45d000 	C:\Windows\System32\CRYPT32.dll
0x00007ffb2ac40000 - 0x00007ffb2ac67000 	C:\Windows\SYSTEM32\ncrypt.dll
0x00007ffb2ac00000 - 0x00007ffb2ac3b000 	C:\Windows\SYSTEM32\NTASN1.dll
0x00007ffb2a650000 - 0x00007ffb2a71a000 	C:\Windows\SYSTEM32\DNSAPI.dll
0x00007ffb19d60000 - 0x00007ffb19d6a000 	C:\Windows\System32\rasadhlp.dll
0x00007ffb19ac0000 - 0x00007ffb19b40000 	C:\Windows\System32\fwpuclnt.dll
0x00007ffb27df0000 - 0x00007ffb27df9000 	C:\Users\user\.vscode\extensions\redhat.java-1.55.0-win32-x64\jre\21.0.11-win32-x86_64\bin\extnet.dll
0x00007ffb2a4a0000 - 0x00007ffb2a4d3000 	C:\Windows\SYSTEM32\ntmarta.dll

JVMTI agents:
c:\Users\user\.vscode\extensions\redhat.java-1.55.0-win32-x64\lombok\lombok-1.18.39-4050.jar path:c:\Users\user\.vscode\extensions\redhat.java-1.55.0-win32-x64\jre\21.0.11-win32-x86_64\bin\instrument.dll, loaded, initialized, instrumentlib options:none

dbghelp: loaded successfully - version: 4.0.5 - missing functions: none
symbol engine: initialized successfully - sym options: 0x614 - pdb path: .;c:\Users\user\.vscode\extensions\redhat.java-1.55.0-win32-x64\jre\21.0.11-win32-x86_64\bin;C:\Windows\SYSTEM32;C:\Windows\WinSxS\amd64_microsoft.windows.common-controls_6595b64144ccf1df_6.0.19041.6456_none_60b8a6cb71f64256;c:\Users\user\.vscode\extensions\redhat.java-1.55.0-win32-x64\jre\21.0.11-win32-x86_64\bin\server;C:\Users\user\AppData\Roaming\Code\User\globalStorage\redhat.java\1.55.0\config_win\org.eclipse.equinox.launcher\org.eclipse.equinox.launcher.win32.win32.x86_64_1.3.100.v20260613-0559;C:\Users\user\AppData\Local\Temp\jna-3599307

VM Arguments:
jvm_args: --add-modules=ALL-SYSTEM --add-opens=java.base/java.util=ALL-UNNAMED --add-opens=java.base/java.lang=ALL-UNNAMED --add-opens=java.base/sun.nio.fs=ALL-UNNAMED -Declipse.application=org.eclipse.jdt.ls.core.id1 -Dosgi.bundles.defaultStartLevel=4 -Declipse.product=org.eclipse.jdt.ls.core.product -Djava.import.generatesMetadataFilesAtProjectRoot=false -DDetectVMInstallationsJob.disabled=true -Dfile.encoding=utf8 -XX:+UseParallelGC -XX:GCTimeRatio=4 -XX:AdaptiveSizePolicyWeight=90 -Dsun.zip.disableMemoryMapping=true -Xmx2G -Xms100m -Xlog:disable -javaagent:c:\Users\user\.vscode\extensions\redhat.java-1.55.0-win32-x64\lombok\lombok-1.18.39-4050.jar -XX:+HeapDumpOnOutOfMemoryError -XX:HeapDumpPath=c:\Users\user\AppData\Roaming\Code\User\workspaceStorage\f40d3bd63d6335eea7e0d273222c22ee\redhat.java -Daether.dependencyCollector.impl=bf 
java_command: c:\Users\user\.vscode\extensions\redhat.java-1.55.0-win32-x64\server\plugins\org.eclipse.equinox.launcher_1.7.200.v20260619-2039.jar -configuration c:\Users\user\AppData\Roaming\Code\User\globalStorage\redhat.java\1.55.0\config_win -data c:\Users\user\AppData\Roaming\Code\User\workspaceStorage\f40d3bd63d6335eea7e0d273222c22ee\redhat.java\jdt_ws --pipe=\\.\pipe\lsp-e08b20adcc692453bc97f530e9034dab-sock
java_class_path (initial): c:\Users\user\.vscode\extensions\redhat.java-1.55.0-win32-x64\server\plugins\org.eclipse.equinox.launcher_1.7.200.v20260619-2039.jar
Launcher Type: SUN_STANDARD

[Global flags]
    uintx AdaptiveSizePolicyWeight                 = 90                                        {product} {command line}
     intx CICompilerCount                          = 3                                         {product} {ergonomic}
    uintx GCTimeRatio                              = 4                                         {product} {command line}
     bool HeapDumpOnOutOfMemoryError               = true                                   {manageable} {command line}
    ccstr HeapDumpPath                             = c:\Users\user\AppData\Roaming\Code\User\workspaceStorage\f40d3bd63d6335eea7e0d273222c22ee\redhat.java         {manageable} {command line}
   size_t InitialHeapSize                          = 104857600                                 {product} {command line}
   size_t MaxHeapSize                              = 2147483648                                {product} {command line}
   size_t MaxNewSize                               = 715653120                                 {product} {ergonomic}
   size_t MinHeapDeltaBytes                        = 524288                                    {product} {ergonomic}
   size_t MinHeapSize                              = 104857600                                 {product} {command line}
   size_t NewSize                                  = 34603008                                  {product} {ergonomic}
    uintx NonNMethodCodeHeapSize                   = 5832780                                {pd product} {ergonomic}
    uintx NonProfiledCodeHeapSize                  = 122912730                              {pd product} {ergonomic}
   size_t OldSize                                  = 70254592                                  {product} {ergonomic}
    uintx ProfiledCodeHeapSize                     = 122912730                              {pd product} {ergonomic}
    uintx ReservedCodeCacheSize                    = 251658240                              {pd product} {ergonomic}
     bool SegmentedCodeCache                       = true                                      {product} {ergonomic}
   size_t SoftMaxHeapSize                          = 2147483648                             {manageable} {ergonomic}
     bool UseCompressedOops                        = true                           {product lp64_product} {ergonomic}
     bool UseLargePagesIndividualAllocation        = false                                  {pd product} {ergonomic}
     bool UseParallelGC                            = true                                      {product} {command line}

Logging:
Log output configuration:
 #0: stdout all=off uptime,level,tags foldmultilines=false
 #1: stderr all=off uptime,level,tags foldmultilines=false

Release file:
JAVA_VERSION="21.0.11" 
MODULES="java.base java.compiler java.datatransfer java.xml java.prefs java.desktop java.instrument java.logging java.management java.security.sasl java.naming java.rmi java.management.rmi java.net.http java.scripting java.security.jgss java.transaction.xa java.sql java.sql.rowset java.xml.crypto java.se java.smartcardio jdk.accessibility jdk.internal.jvmstat jdk.attach jdk.charsets jdk.internal.opt jdk.zipfs jdk.compiler jdk.crypto.ec jdk.crypto.cryptoki jdk.crypto.mscapi jdk.dynalink jdk.internal.ed jdk.editpad jdk.hotspot.agent jdk.httpserver jdk.internal.le jdk.internal.vm.ci jdk.internal.vm.compiler jdk.internal.vm.compiler.management jdk.jartool jdk.javadoc jdk.jcmd jdk.management jdk.management.agent jdk.jconsole jdk.jdeps jdk.jdwp.agent jdk.jdi jdk.jfr jdk.jshell jdk.jsobject jdk.jstatd jdk.localedata jdk.management.jfr jdk.naming.dns jdk.naming.rmi jdk.net jdk.nio.mapmode jdk.random jdk.sctp jdk.security.auth jdk.security.jgss jdk.unsupported jdk.unsupported.desktop jdk.xml.dom" 

Environment Variables:
PATH=C:\Program Files\Common Files\Oracle\Java\javapath;C:\Program Files (x86)\Common Files\Oracle\Java\javapath;C:\Windows\system32;C:\Windows;C:\Windows\System32\Wbem;C:\Windows\System32\WindowsPowerShell\v1.0\;C:\Windows\System32\OpenSSH\;C:\Program Files\Git\cmd;C:\Program Files\nodejs\;C:\Program Files\MySQL\MySQL Shell 8.0\bin\;C:\Users\user\AppData\Local\Microsoft\WindowsApps;C:\Users\user\AppData\Local\Programs\Microsoft VS Code\bin;C:\Users\user\AppData\Roaming\npm
USERNAME=user
OS=Windows_NT
PROCESSOR_IDENTIFIER=Intel64 Family 6 Model 78 Stepping 3, GenuineIntel
TMP=C:\Users\user\AppData\Local\Temp
TEMP=C:\Users\user\AppData\Local\Temp




Periodic native trim disabled

---------------  S Y S T E M  ---------------

OS:
 Windows 10 , 64 bit Build 19041 (10.0.19041.5915)
OS uptime: 0 days 3:17 hours

CPU: total 4 (initial active 4) (2 cores per cpu, 2 threads per core) family 6 model 78 stepping 3 microcode 0xcc, cx8, cmov, fxsr, ht, mmx, 3dnowpref, sse, sse2, sse3, ssse3, sse4.1, sse4.2, popcnt, lzcnt, tsc, tscinvbit, avx, avx2, aes, erms, clmul, bmi1, bmi2, adx, fma, vzeroupper, clflush, clflushopt, rdtscp, f16c
Processor Information for the first 4 processors :
  Max Mhz: 1992, Current Mhz: 1992, Mhz Limit: 1992

Memory: 4k page, system-wide physical 4001M (359M free)
TotalPageFile size 12129M (AvailPageFile size 81M)
current process WorkingSet (physical memory assigned to process): 59M, peak: 715M
current process commit charge ("private bytes"): 1269M, peak: 1277M

vm_info: OpenJDK 64-Bit Server VM (21.0.11+10-LTS) for windows-amd64 JRE (21.0.11+10-LTS), built on 2026-04-21T00:00:00Z by "admin" with MS VC++ 17.12 (VS2022)

END.
