2026-06-04 02:29:47 [main] INFO  c.v.s.SistemaVotacionApplication - Starting SistemaVotacionApplication using Java 21.0.9 with PID 4356 (C:\Users\REINER\Downloads\sistema-votacion\target\classes started by REINER in C:\Users\REINER\Downloads\sistema-votacion)
2026-06-04 02:29:47 [main] DEBUG c.v.s.SistemaVotacionApplication - Running with Spring Boot v3.5.14, Spring v6.2.18
2026-06-04 02:29:47 [main] INFO  c.v.s.SistemaVotacionApplication - No active profile set, falling back to 1 default profile: "default"
2026-06-04 02:29:47 [main] INFO  o.s.d.r.c.RepositoryConfigurationDelegate - Bootstrapping Spring Data JPA repositories in DEFAULT mode.
2026-06-04 02:29:47 [main] INFO  o.s.d.r.c.RepositoryConfigurationDelegate - Finished Spring Data repository scanning in 61 ms. Found 8 JPA repository interfaces.
2026-06-04 02:29:48 [main] INFO  o.s.b.w.e.tomcat.TomcatWebServer - Tomcat initialized with port 8080 (http)
2026-06-04 02:29:48 [main] INFO  o.a.coyote.http11.Http11NioProtocol - Initializing ProtocolHandler ["http-nio-8080"]
2026-06-04 02:29:48 [main] INFO  o.a.catalina.core.StandardService - Starting service [Tomcat]
2026-06-04 02:29:48 [main] INFO  o.a.catalina.core.StandardEngine - Starting Servlet engine: [Apache Tomcat/10.1.54]
2026-06-04 02:29:48 [main] INFO  o.a.c.c.C.[Tomcat].[localhost].[/] - Initializing Spring embedded WebApplicationContext
2026-06-04 02:29:48 [main] INFO  o.s.b.w.s.c.ServletWebServerApplicationContext - Root WebApplicationContext: initialization completed in 1493 ms
2026-06-04 02:29:48 [main] INFO  o.h.jpa.internal.util.LogHelper - HHH000204: Processing PersistenceUnitInfo [name: default]
2026-06-04 02:29:48 [main] INFO  org.hibernate.Version - HHH000412: Hibernate ORM core version 6.6.49.Final
2026-06-04 02:29:48 [main] INFO  o.h.c.i.RegionFactoryInitiator - HHH000026: Second-level cache disabled
2026-06-04 02:29:49 [main] INFO  o.s.o.j.p.SpringPersistenceUnitInfo - No LoadTimeWeaver setup: ignoring JPA class transformer
2026-06-04 02:29:49 [main] INFO  com.zaxxer.hikari.HikariDataSource - HikariPool-1 - Starting...
2026-06-04 02:29:49 [main] INFO  com.zaxxer.hikari.pool.HikariPool - HikariPool-1 - Added connection com.mysql.cj.jdbc.ConnectionImpl@7fe87c0e
2026-06-04 02:29:49 [main] INFO  com.zaxxer.hikari.HikariDataSource - HikariPool-1 - Start completed.
2026-06-04 02:29:49 [main] WARN  org.hibernate.orm.deprecation - HHH90000025: MySQLDialect does not need to be specified explicitly using 'hibernate.dialect' (remove the property setting and it will be selected by default)
2026-06-04 02:29:49 [main] INFO  o.hibernate.orm.connections.pooling - HHH10001005: Database info:
	Database JDBC URL [Connecting through datasource 'HikariDataSource (HikariPool-1)']
	Database driver: undefined/unknown
	Database version: 8.0.46
	Autocommit mode: undefined/unknown
	Isolation level: undefined/unknown
	Minimum pool size: undefined/unknown
	Maximum pool size: undefined/unknown
2026-06-04 02:29:50 [main] INFO  o.h.e.t.j.p.i.JtaPlatformInitiator - HHH000489: No JTA platform available (set 'hibernate.transaction.jta.platform' to enable JTA platform integration)
2026-06-04 02:29:50 [main] INFO  o.s.o.j.LocalContainerEntityManagerFactoryBean - Initialized JPA EntityManagerFactory for persistence unit 'default'
2026-06-04 02:29:51 [main] WARN  o.s.b.a.o.j.JpaBaseConfiguration$JpaWebConfiguration - spring.jpa.open-in-view is enabled by default. Therefore, database queries may be performed during view rendering. Explicitly configure spring.jpa.open-in-view to disable this warning
2026-06-04 02:29:51 [main] WARN  o.s.b.a.s.s.UserDetailsServiceAutoConfiguration - 

Using generated security password: 262e03af-305f-405c-90d4-4f0c5f8a0149

This generated password is for development use only. Your security configuration must be updated before running your application in production.

2026-06-04 02:29:51 [main] INFO  o.s.s.c.a.a.c.InitializeUserDetailsBeanManagerConfigurer$InitializeUserDetailsManagerConfigurer - Global AuthenticationManager configured with UserDetailsService bean with name inMemoryUserDetailsManager
2026-06-04 02:29:51 [main] INFO  o.a.coyote.http11.Http11NioProtocol - Starting ProtocolHandler ["http-nio-8080"]
2026-06-04 02:29:51 [main] INFO  o.s.b.w.e.tomcat.TomcatWebServer - Tomcat started on port 8080 (http) with context path '/'
2026-06-04 02:29:51 [main] INFO  c.v.s.SistemaVotacionApplication - Started SistemaVotacionApplication in 5.04 seconds (process running for 5.364)
2026-06-04 02:30:16 [http-nio-8080-exec-4] INFO  o.a.c.c.C.[Tomcat].[localhost].[/] - Initializing Spring DispatcherServlet 'dispatcherServlet'
2026-06-04 02:30:16 [http-nio-8080-exec-4] INFO  o.s.web.servlet.DispatcherServlet - Initializing Servlet 'dispatcherServlet'
2026-06-04 02:30:16 [http-nio-8080-exec-4] INFO  o.s.web.servlet.DispatcherServlet - Completed initialization in 0 ms
2026-06-04 02:30:22 [http-nio-8080-exec-3] WARN  c.v.s.controller.VotoController - Intento de acceso a comprobante sin voto registrado
2026-06-04 02:30:22 [http-nio-8080-exec-9] INFO  c.v.s.controller.VotanteController - Mostrando página de login del votante
2026-06-04 02:30:26 [http-nio-8080-exec-7] INFO  c.v.s.controller.VotanteController - Intento de login con DNI: 12345678
2026-06-04 02:30:26 [http-nio-8080-exec-7] INFO  c.v.s.controller.VotanteController - OTP generado para DNI 12345678: 133148
2026-06-04 02:30:39 [http-nio-8080-exec-8] INFO  c.v.s.controller.VotanteController - Votante con DNI 12345678 autenticado correctamente
2026-06-04 02:30:39 [http-nio-8080-exec-6] INFO  c.v.s.controller.VotoController - Votante 12345678 accedió a la lista de elecciones activas
2026-06-04 02:30:41 [http-nio-8080-exec-10] INFO  c.v.s.controller.VotoController - Mostrando candidatos para elección ID: 1
2026-06-04 02:30:47 [http-nio-8080-exec-4] WARN  c.v.s.controller.VotoController - Votante 12345678 intentó votar dos veces en elección 1
2026-06-04 04:45:10 [HikariPool-1:housekeeper] WARN  com.zaxxer.hikari.pool.HikariPool - HikariPool-1 - Thread starvation or clock leap detected (housekeeper delta=1h48m20s524ms565µs300ns).
2026-06-04 07:35:20 [HikariPool-1:housekeeper] WARN  com.zaxxer.hikari.pool.HikariPool - HikariPool-1 - Thread starvation or clock leap detected (housekeeper delta=2h48m10s6ms758µs300ns).
2026-06-04 08:43:04 [HikariPool-1:housekeeper] WARN  com.zaxxer.hikari.pool.HikariPool - HikariPool-1 - Thread starvation or clock leap detected (housekeeper delta=9m12s263ms757µs200ns).
