2026-07-13 22:17:56 [INFO] c.v.s.SistemaVotacionApplication - Starting SistemaVotacionApplication using Java 25 with PID 10360 (C:\Users\USUARIO\Desktop\ESTUDIOS\Proyecto_I\SistemaVotacion-Integrador1\sistema-votacion\target\classes started by USUARIO in C:\Users\USUARIO\Desktop\ESTUDIOS\Proyecto_I\SistemaVotacion-Integrador1\sistema-votacion)
2026-07-13 22:17:56 [INFO] c.v.s.SistemaVotacionApplication - No active profile set, falling back to 1 default profile: "default"
2026-07-13 22:17:57 [INFO] o.s.d.r.c.RepositoryConfigurationDelegate - Bootstrapping Spring Data JPA repositories in DEFAULT mode.
2026-07-13 22:17:57 [INFO] o.s.d.r.c.RepositoryConfigurationDelegate - Finished Spring Data repository scanning in 72 ms. Found 9 JPA repository interfaces.
2026-07-13 22:17:58 [INFO] o.s.b.w.e.tomcat.TomcatWebServer - Tomcat initialized with port 8080 (http)
2026-07-13 22:17:58 [INFO] o.a.coyote.http11.Http11NioProtocol - Initializing ProtocolHandler ["http-nio-8080"]
2026-07-13 22:17:58 [INFO] o.a.catalina.core.StandardService - Starting service [Tomcat]
2026-07-13 22:17:58 [INFO] o.a.catalina.core.StandardEngine - Starting Servlet engine: [Apache Tomcat/10.1.54]
2026-07-13 22:17:58 [INFO] o.a.c.c.C.[Tomcat].[localhost].[/] - Initializing Spring embedded WebApplicationContext
2026-07-13 22:17:58 [INFO] o.s.b.w.s.c.ServletWebServerApplicationContext - Root WebApplicationContext: initialization completed in 1263 ms
2026-07-13 22:17:58 [INFO] o.h.jpa.internal.util.LogHelper - HHH000204: Processing PersistenceUnitInfo [name: default]
2026-07-13 22:17:58 [INFO] org.hibernate.Version - HHH000412: Hibernate ORM core version 6.6.49.Final
2026-07-13 22:17:58 [INFO] o.h.c.i.RegionFactoryInitiator - HHH000026: Second-level cache disabled
2026-07-13 22:17:58 [INFO] o.s.o.j.p.SpringPersistenceUnitInfo - No LoadTimeWeaver setup: ignoring JPA class transformer
2026-07-13 22:17:58 [INFO] com.zaxxer.hikari.HikariDataSource - HikariPool-1 - Starting...
2026-07-13 22:17:59 [INFO] com.zaxxer.hikari.pool.HikariPool - HikariPool-1 - Added connection com.mysql.cj.jdbc.ConnectionImpl@3e2d8623
2026-07-13 22:17:59 [INFO] com.zaxxer.hikari.HikariDataSource - HikariPool-1 - Start completed.
2026-07-13 22:17:59 [WARN] org.hibernate.orm.deprecation - HHH90000025: MySQLDialect does not need to be specified explicitly using 'hibernate.dialect' (remove the property setting and it will be selected by default)
2026-07-13 22:17:59 [INFO] o.hibernate.orm.connections.pooling - HHH10001005: Database info:
	Database JDBC URL [Connecting through datasource 'HikariDataSource (HikariPool-1)']
	Database driver: undefined/unknown
	Database version: 8.0.46
	Autocommit mode: undefined/unknown
	Isolation level: undefined/unknown
	Minimum pool size: undefined/unknown
	Maximum pool size: undefined/unknown
2026-07-13 22:18:00 [INFO] o.h.e.t.j.p.i.JtaPlatformInitiator - HHH000489: No JTA platform available (set 'hibernate.transaction.jta.platform' to enable JTA platform integration)
2026-07-13 22:18:00 [INFO] o.s.o.j.LocalContainerEntityManagerFactoryBean - Initialized JPA EntityManagerFactory for persistence unit 'default'
2026-07-13 22:18:00 [WARN] o.s.b.a.o.j.JpaBaseConfiguration$JpaWebConfiguration - spring.jpa.open-in-view is enabled by default. Therefore, database queries may be performed during view rendering. Explicitly configure spring.jpa.open-in-view to disable this warning
2026-07-13 22:18:00 [WARN] o.s.b.a.s.s.UserDetailsServiceAutoConfiguration - 

Using generated security password: 01a6585e-06d6-4568-a122-416200bf379b

This generated password is for development use only. Your security configuration must be updated before running your application in production.

2026-07-13 22:18:00 [INFO] o.s.s.c.a.a.c.InitializeUserDetailsBeanManagerConfigurer$InitializeUserDetailsManagerConfigurer - Global AuthenticationManager configured with UserDetailsService bean with name inMemoryUserDetailsManager
2026-07-13 22:18:01 [INFO] o.a.coyote.http11.Http11NioProtocol - Starting ProtocolHandler ["http-nio-8080"]
2026-07-13 22:18:01 [INFO] o.s.b.w.e.tomcat.TomcatWebServer - Tomcat started on port 8080 (http) with context path '/'
2026-07-13 22:18:01 [INFO] c.v.s.SistemaVotacionApplication - Started SistemaVotacionApplication in 4.82 seconds (process running for 5.217)
2026-07-13 22:18:09 [INFO] o.a.c.c.C.[Tomcat].[localhost].[/] - Initializing Spring DispatcherServlet 'dispatcherServlet'
2026-07-13 22:18:09 [INFO] o.s.web.servlet.DispatcherServlet - Initializing Servlet 'dispatcherServlet'
2026-07-13 22:18:09 [INFO] o.s.web.servlet.DispatcherServlet - Completed initialization in 1 ms
2026-07-13 22:18:28 [WARN] c.v.s.c.AdministradorController - Intento de login admin fallido - Usuario: admin
2026-07-13 22:18:39 [WARN] c.v.s.c.AdministradorController - Intento de login admin fallido - Usuario: admin
2026-07-13 22:18:46 [INFO] c.v.s.c.AdministradorController - Admin logueado correctamente: admin
2026-07-13 22:23:30 [INFO] o.s.b.w.e.tomcat.GracefulShutdown - Commencing graceful shutdown. Waiting for active requests to complete
2026-07-13 22:23:30 [INFO] o.s.b.w.e.tomcat.GracefulShutdown - Graceful shutdown complete
2026-07-13 22:23:30 [INFO] o.s.o.j.LocalContainerEntityManagerFactoryBean - Closing JPA EntityManagerFactory for persistence unit 'default'
2026-07-13 22:23:30 [INFO] com.zaxxer.hikari.HikariDataSource - HikariPool-1 - Shutdown initiated...
2026-07-13 22:23:30 [INFO] com.zaxxer.hikari.HikariDataSource - HikariPool-1 - Shutdown completed.
